[2024-08-02 10:51:35,918] Ken.local/INFO/locust.main: No run time limit set, use CTRL+C to interrupt
[2024-08-02 10:51:35,918] Ken.local/INFO/locust.main: Starting Locust 2.8.6
 Name                                                                              # reqs      # fails  |     Avg     Min     Max  Median  |   req/s failures/s
----------------------------------------------------------------------------------------------------------------------------------------------------------------
----------------------------------------------------------------------------------------------------------------------------------------------------------------
 Aggregated                                                                             0     0(0.00%)  |       0       0       0       0  |    0.00    0.00

[2024-08-02 10:52:05,992] Ken.local/INFO/locust.main: No run time limit set, use CTRL+C to interrupt
[2024-08-02 10:52:05,993] Ken.local/INFO/locust.main: Starting Locust 2.8.6
 Name                                                                              # reqs      # fails  |     Avg     Min     Max  Median  |   req/s failures/s
----------------------------------------------------------------------------------------------------------------------------------------------------------------
----------------------------------------------------------------------------------------------------------------------------------------------------------------
 Aggregated                                                                             0     0(0.00%)  |       0       0       0       0  |    0.00    0.00

[2024-08-02 10:52:34,691] Ken.local/INFO/locust.main: No run time limit set, use CTRL+C to interrupt
[2024-08-02 10:52:34,692] Ken.local/INFO/locust.main: Starting Locust 2.8.6
 Name                                                                              # reqs      # fails  |     Avg     Min     Max  Median  |   req/s failures/s
----------------------------------------------------------------------------------------------------------------------------------------------------------------
----------------------------------------------------------------------------------------------------------------------------------------------------------------
 Aggregated                                                                             0     0(0.00%)  |       0       0       0       0  |    0.00    0.00

[2024-08-02 10:53:48,885] Ken.local/INFO/locust.main: No run time limit set, use CTRL+C to interrupt
[2024-08-02 10:53:48,885] Ken.local/INFO/locust.main: Starting Locust 2.8.6
 Name                                                                              # reqs      # fails  |     Avg     Min     Max  Median  |   req/s failures/s
----------------------------------------------------------------------------------------------------------------------------------------------------------------
----------------------------------------------------------------------------------------------------------------------------------------------------------------
 Aggregated                                                                             0     0(0.00%)  |       0       0       0       0  |    0.00    0.00

[2024-08-11 13:16:34,684] Ken.local/INFO/locust.main: No run time limit set, use CTRL+C to interrupt
[2024-08-11 13:16:34,684] Ken.local/INFO/locust.main: Starting Locust 2.8.6
 Name                                                                              # reqs      # fails  |     Avg     Min     Max  Median  |   req/s failures/s
----------------------------------------------------------------------------------------------------------------------------------------------------------------
----------------------------------------------------------------------------------------------------------------------------------------------------------------
 Aggregated                                                                             0     0(0.00%)  |       0       0       0       0  |    0.00    0.00

